2015-04-17 17:22:23.372  INFO 8912 --- [main] com.bgpublish.App                        : Starting App v0.0.1-SNAPSHOT on PC-20140910SFWJ with PID 8912 (D:\work\j2ee\luna_workspace\bgpublish\target\bgpublish-0.0.1-SNAPSHOT.jar started by Administrator in D:\work\j2ee\luna_workspace\bgpublish)
2015-04-17 17:22:23.372 DEBUG 8912 --- [main] o.s.boot.SpringApplication               : Loading source class com.bgpublish.App
2015-04-17 17:22:23.435 DEBUG 8912 --- [main] o.s.b.c.c.ConfigFileApplicationListener  : Skipped config file 'file:./config/application.xml' resource not found
2015-04-17 17:22:23.435 DEBUG 8912 --- [main] o.s.b.c.c.ConfigFileApplicationListener  : Skipped config file 'file:./config/application.yml' resource not found
2015-04-17 17:22:23.435 DEBUG 8912 --- [main] o.s.b.c.c.ConfigFileApplicationListener  : Skipped config file 'file:./config/application.properties' resource not found
2015-04-17 17:22:23.435 DEBUG 8912 --- [main] o.s.b.c.c.ConfigFileApplicationListener  : Skipped config file 'file:./config/application.yaml' resource not found
2015-04-17 17:22:23.435 DEBUG 8912 --- [main] o.s.b.c.c.ConfigFileApplicationListener  : Skipped config file 'file:./application.xml' resource not found
2015-04-17 17:22:23.435 DEBUG 8912 --- [main] o.s.b.c.c.ConfigFileApplicationListener  : Skipped config file 'file:./application.yml' resource not found
2015-04-17 17:22:23.435 DEBUG 8912 --- [main] o.s.b.c.c.ConfigFileApplicationListener  : Skipped config file 'file:./application.properties' resource not found
2015-04-17 17:22:23.435 DEBUG 8912 --- [main] o.s.b.c.c.ConfigFileApplicationListener  : Skipped config file 'file:./application.yaml' resource not found
2015-04-17 17:22:23.435 DEBUG 8912 --- [main] o.s.b.c.c.ConfigFileApplicationListener  : Skipped config file 'classpath:/config/application.xml' resource not found
2015-04-17 17:22:23.435 DEBUG 8912 --- [main] o.s.b.c.c.ConfigFileApplicationListener  : Skipped config file 'classpath:/config/application.yml' resource not found
2015-04-17 17:22:23.435 DEBUG 8912 --- [main] o.s.b.c.c.ConfigFileApplicationListener  : Skipped config file 'classpath:/config/application.properties' resource not found
2015-04-17 17:22:23.435 DEBUG 8912 --- [main] o.s.b.c.c.ConfigFileApplicationListener  : Skipped config file 'classpath:/config/application.yaml' resource not found
2015-04-17 17:22:23.435 DEBUG 8912 --- [main] o.s.b.c.c.ConfigFileApplicationListener  : Skipped config file 'classpath:/application.xml' resource not found
2015-04-17 17:22:23.435 DEBUG 8912 --- [main] o.s.b.c.c.ConfigFileApplicationListener  : Skipped config file 'classpath:/application.yml' resource not found
2015-04-17 17:22:23.435 DEBUG 8912 --- [main] o.s.b.c.c.ConfigFileApplicationListener  : Loaded config file 'classpath:/application.properties' 
2015-04-17 17:22:23.435 DEBUG 8912 --- [main] o.s.b.c.c.ConfigFileApplicationListener  : Skipped config file 'classpath:/application.yaml' resource not found
2015-04-17 17:22:23.450  INFO 8912 --- [main] ationConfigEmbeddedWebApplicationContext : Refreshing org.springframework.boot.context.embedded.AnnotationConfigEmbeddedWebApplicationContext@7086d17b: startup date [Fri Apr 17 17:22:23 CST 2015]; root of context hierarchy
2015-04-17 17:22:23.450 DEBUG 8912 --- [main] ationConfigEmbeddedWebApplicationContext : Bean factory for org.springframework.boot.context.embedded.AnnotationConfigEmbeddedWebApplicationContext@7086d17b: org.springframework.beans.factory.support.DefaultListableBeanFactory@46eb224e: defining beans [org.springframework.context.annotation.internalConfigurationAnnotationProcessor,org.springframework.context.annotation.internalAutowiredAnnotationProcessor,org.springframework.context.annotation.internalRequiredAnnotationProcessor,org.springframework.context.annotation.internalCommonAnnotationProcessor,app]; root of factory hierarchy
2015-04-17 17:22:24.262  INFO 8912 --- [main] o.s.b.f.s.DefaultListableBeanFactory     : Overriding bean definition for bean 'beanNameViewResolver': replacing [Root bean: class [null]; scope=; abstract=false; lazyInit=false; autowireMode=3; dependencyCheck=0; autowireCandidate=true; primary=false; factoryBeanName=org.springframework.boot.autoconfigure.web.ErrorMvcAutoConfiguration$WhitelabelErrorViewConfiguration; factoryMethodName=beanNameViewResolver; initMethodName=null; destroyMethodName=(inferred); defined in class path resource [org/springframework/boot/autoconfigure/web/ErrorMvcAutoConfiguration$WhitelabelErrorViewConfiguration.class]] with [Root bean: class [null]; scope=; abstract=false; lazyInit=false; autowireMode=3; dependencyCheck=0; autowireCandidate=true; primary=false; factoryBeanName=org.springframework.boot.autoconfigure.web.WebMvcAutoConfiguration$WebMvcAutoConfigurationAdapter; factoryMethodName=beanNameViewResolver; initMethodName=null; destroyMethodName=(inferred); defined in class path resource [org/springframework/boot/autoconfigure/web/WebMvcAutoConfiguration$WebMvcAutoConfigurationAdapter.class]]
2015-04-17 17:22:24.792 DEBUG 8912 --- [main] ationConfigEmbeddedWebApplicationContext : Unable to locate MessageSource with name 'messageSource': using default [org.springframework.context.support.DelegatingMessageSource@3118c803]
2015-04-17 17:22:24.792 DEBUG 8912 --- [main] ationConfigEmbeddedWebApplicationContext : Using ApplicationEventMulticaster [org.springframework.context.event.SimpleApplicationEventMulticaster@5f27c09]
2015-04-17 17:22:25.728 DEBUG 8912 --- [main] .t.TomcatEmbeddedServletContainerFactory : Code archive: D:\work\j2ee\luna_workspace\bgpublish\target\bgpublish-0.0.1-SNAPSHOT.jar
2015-04-17 17:22:25.728 DEBUG 8912 --- [main] .t.TomcatEmbeddedServletContainerFactory : Code archive: D:\work\j2ee\luna_workspace\bgpublish\target\bgpublish-0.0.1-SNAPSHOT.jar
2015-04-17 17:22:25.728 DEBUG 8912 --- [main] .t.TomcatEmbeddedServletContainerFactory : Document root: D:\work\j2ee\luna_workspace\bgpublish\src\main\webapp
2015-04-17 17:22:25.822  INFO 8912 --- [main] s.b.c.e.t.TomcatEmbeddedServletContainer : Tomcat initialized with port(s): 8001 (http)
2015-04-17 17:22:26.118  INFO 8912 --- [main] o.apache.catalina.core.StandardService   : Starting service Tomcat
2015-04-17 17:22:26.118  INFO 8912 --- [main] org.apache.catalina.core.StandardEngine  : Starting Servlet Engine: Apache Tomcat/8.0.21
2015-04-17 17:22:26.290  INFO 8912 --- [localhost-startStop-1] o.a.c.c.C.[Tomcat].[localhost].[/]       : Initializing Spring embedded WebApplicationContext
2015-04-17 17:22:26.290  INFO 8912 --- [localhost-startStop-1] o.s.web.context.ContextLoader            : Root WebApplicationContext: initialization completed in 2855 ms
2015-04-17 17:22:26.477 DEBUG 8912 --- [localhost-startStop-1] o.s.b.c.e.ServletContextInitializerBeans : Added existing Servlet initializer bean 'dispatcherServletRegistration'; order=2147483647, resource=class path resource [org/springframework/boot/autoconfigure/web/DispatcherServletAutoConfiguration$DispatcherServletConfiguration.class]
2015-04-17 17:22:26.586 DEBUG 8912 --- [localhost-startStop-1] o.s.b.c.e.ServletContextInitializerBeans : Created Filter initializer for bean 'characterEncodingFilter'; order=-2147483648, resource=class path resource [org/springframework/boot/autoconfigure/web/HttpEncodingAutoConfiguration.class]
2015-04-17 17:22:26.586 DEBUG 8912 --- [localhost-startStop-1] o.s.b.c.e.ServletContextInitializerBeans : Created Filter initializer for bean 'hiddenHttpMethodFilter'; order=2147483647, resource=class path resource [org/springframework/boot/autoconfigure/web/WebMvcAutoConfiguration.class]
2015-04-17 17:22:27.288 DEBUG 8912 --- [localhost-startStop-1] o.s.b.c.e.ServletContextInitializerBeans : Created EventListener initializer for bean 'requestContextListener'; order=2147483647, resource=class path resource [org/springframework/boot/autoconfigure/web/WebMvcAutoConfiguration$WebMvcAutoConfigurationAdapter.class]
2015-04-17 17:22:27.304  INFO 8912 --- [localhost-startStop-1] o.s.b.c.e.ServletRegistrationBean        : Mapping servlet: 'dispatcherServlet' to [/]
2015-04-17 17:22:27.304  INFO 8912 --- [localhost-startStop-1] o.s.b.c.embedded.FilterRegistrationBean  : Mapping filter: 'characterEncodingFilter' to: [/*]
2015-04-17 17:22:27.319  INFO 8912 --- [localhost-startStop-1] o.s.b.c.embedded.FilterRegistrationBean  : Mapping filter: 'hiddenHttpMethodFilter' to: [/*]
2015-04-17 17:22:27.350 DEBUG 8912 --- [localhost-startStop-1] o.s.b.c.w.OrderedCharacterEncodingFilter : Initializing filter 'characterEncodingFilter'
2015-04-17 17:22:27.350 DEBUG 8912 --- [localhost-startStop-1] o.s.b.c.w.OrderedCharacterEncodingFilter : Filter 'characterEncodingFilter' configured successfully
2015-04-17 17:22:27.725  INFO 8912 --- [main] s.w.s.m.m.a.RequestMappingHandlerAdapter : Looking for @ControllerAdvice: org.springframework.boot.context.embedded.AnnotationConfigEmbeddedWebApplicationContext@7086d17b: startup date [Fri Apr 17 17:22:23 CST 2015]; root of context hierarchy
2015-04-17 17:22:27.834  INFO 8912 --- [main] s.w.s.m.m.a.RequestMappingHandlerMapping : Mapped "{[/],methods=[],params=[],headers=[],consumes=[],produces=[],custom=[]}" onto java.lang.String com.bgpublish.example.Example.home()
2015-04-17 17:22:27.834  INFO 8912 --- [main] s.w.s.m.m.a.RequestMappingHandlerMapping : Mapped "{[/error],methods=[],params=[],headers=[],consumes=[],produces=[],custom=[]}" onto public org.springframework.http.ResponseEntity<java.util.Map<java.lang.String, java.lang.Object>> org.springframework.boot.autoconfigure.web.BasicErrorController.error(javax.servlet.http.HttpServletRequest)
2015-04-17 17:22:27.834  INFO 8912 --- [main] s.w.s.m.m.a.RequestMappingHandlerMapping : Mapped "{[/error],methods=[],params=[],headers=[],consumes=[],produces=[text/html],custom=[]}" onto public org.springframework.web.servlet.ModelAndView org.springframework.boot.autoconfigure.web.BasicErrorController.errorHtml(javax.servlet.http.HttpServletRequest)
2015-04-17 17:22:27.881  INFO 8912 --- [main] o.s.w.s.handler.SimpleUrlHandlerMapping  : Mapped URL path [/webjars/**] onto handler of type [class org.springframework.web.servlet.resource.ResourceHttpRequestHandler]
2015-04-17 17:22:27.881  INFO 8912 --- [main] o.s.w.s.handler.SimpleUrlHandlerMapping  : Mapped URL path [/**] onto handler of type [class org.springframework.web.servlet.resource.ResourceHttpRequestHandler]
2015-04-17 17:22:27.943  INFO 8912 --- [main] o.s.w.s.handler.SimpleUrlHandlerMapping  : Mapped URL path [/**/favicon.ico] onto handler of type [class org.springframework.web.servlet.resource.ResourceHttpRequestHandler]
2015-04-17 17:22:28.084  INFO 8912 --- [main] o.s.j.e.a.AnnotationMBeanExporter        : Registering beans for JMX exposure on startup
2015-04-17 17:22:28.084 DEBUG 8912 --- [main] ationConfigEmbeddedWebApplicationContext : Unable to locate LifecycleProcessor with name 'lifecycleProcessor': using default [org.springframework.context.support.DefaultLifecycleProcessor@3c6d9199]
2015-04-17 17:22:28.099 DEBUG 8912 --- [main] utoConfigurationReportLoggingInitializer : 


=========================
AUTO-CONFIGURATION REPORT
=========================


Positive matches:
-----------------

   DispatcherServletAutoConfiguration
      - @ConditionalOnClass classes found: org.springframework.web.servlet.DispatcherServlet (OnClassCondition)
      - found web application StandardServletEnvironment (OnWebApplicationCondition)

   DispatcherServletAutoConfiguration.DispatcherServletConfiguration
      - @ConditionalOnClass classes found: javax.servlet.ServletRegistration (OnClassCondition)
      - no ServletRegistrationBean found (DispatcherServletAutoConfiguration.DefaultDispatcherServletCondition)

   EmbeddedServletContainerAutoConfiguration
      - found web application StandardServletEnvironment (OnWebApplicationCondition)

   EmbeddedServletContainerAutoConfiguration.EmbeddedTomcat
      - @ConditionalOnClass classes found: javax.servlet.Servlet,org.apache.catalina.startup.Tomcat (OnClassCondition)
      - @ConditionalOnMissingBean (types: org.springframework.boot.context.embedded.EmbeddedServletContainerFactory; SearchStrategy: current) found no beans (OnBeanCondition)

   ErrorMvcAutoConfiguration
      - @ConditionalOnClass classes found: javax.servlet.Servlet,org.springframework.web.servlet.DispatcherServlet (OnClassCondition)
      - found web application StandardServletEnvironment (OnWebApplicationCondition)

   ErrorMvcAutoConfiguration#basicErrorController
      - @ConditionalOnMissingBean (types: org.springframework.boot.autoconfigure.web.ErrorController; SearchStrategy: current) found no beans (OnBeanCondition)

   ErrorMvcAutoConfiguration#errorAttributes
      - @ConditionalOnMissingBean (types: org.springframework.boot.autoconfigure.web.ErrorAttributes; SearchStrategy: current) found no beans (OnBeanCondition)

   ErrorMvcAutoConfiguration.WhitelabelErrorViewConfiguration
      - No error template view detected (ErrorMvcAutoConfiguration.ErrorTemplateMissingCondition)
      - matched (OnPropertyCondition)

   ErrorMvcAutoConfiguration.WhitelabelErrorViewConfiguration#beanNameViewResolver
      - @ConditionalOnMissingBean (types: org.springframework.web.servlet.view.BeanNameViewResolver; SearchStrategy: all) found no beans (OnBeanCondition)

   ErrorMvcAutoConfiguration.WhitelabelErrorViewConfiguration#defaultErrorView
      - @ConditionalOnMissingBean (names: error; SearchStrategy: all) found no beans (OnBeanCondition)

   HttpEncodingAutoConfiguration
      - @ConditionalOnClass classes found: org.springframework.web.filter.CharacterEncodingFilter (OnClassCondition)
      - matched (OnPropertyCondition)

   HttpEncodingAutoConfiguration#characterEncodingFilter
      - @ConditionalOnMissingBean (types: org.springframework.web.filter.CharacterEncodingFilter; SearchStrategy: all) found no beans (OnBeanCondition)

   HttpMessageConvertersAutoConfiguration
      - @ConditionalOnClass classes found: org.springframework.http.converter.HttpMessageConverter (OnClassCondition)

   HttpMessageConvertersAutoConfiguration#messageConverters
      - @ConditionalOnMissingBean (types: org.springframework.boot.autoconfigure.web.HttpMessageConverters; SearchStrategy: all) found no beans (OnBeanCondition)

   HttpMessageConvertersAutoConfiguration.StringHttpMessageConverterConfiguration
      - @ConditionalOnClass classes found: org.springframework.http.converter.StringHttpMessageConverter (OnClassCondition)

   HttpMessageConvertersAutoConfiguration.StringHttpMessageConverterConfiguration#stringHttpMessageConverter
      - @ConditionalOnMissingBean (types: org.springframework.http.converter.StringHttpMessageConverter; SearchStrategy: all) found no beans (OnBeanCondition)

   JacksonAutoConfiguration
      - @ConditionalOnClass classes found: com.fasterxml.jackson.databind.ObjectMapper (OnClassCondition)

   JacksonAutoConfiguration.JacksonObjectMapperBuilderConfiguration
      - @ConditionalOnClass classes found: com.fasterxml.jackson.databind.ObjectMapper,org.springframework.http.converter.json.Jackson2ObjectMapperBuilder (OnClassCondition)

   JacksonAutoConfiguration.JacksonObjectMapperBuilderConfiguration#jacksonObjectMapperBuilder
      - @ConditionalOnMissingBean (types: org.springframework.http.converter.json.Jackson2ObjectMapperBuilder; SearchStrategy: all) found no beans (OnBeanCondition)

   JacksonAutoConfiguration.JacksonObjectMapperConfiguration
      - @ConditionalOnClass classes found: com.fasterxml.jackson.databind.ObjectMapper,org.springframework.http.converter.json.Jackson2ObjectMapperBuilder (OnClassCondition)

   JacksonAutoConfiguration.JacksonObjectMapperConfiguration#jacksonObjectMapper
      - @ConditionalOnMissingBean (types: com.fasterxml.jackson.databind.ObjectMapper; SearchStrategy: all) found no beans (OnBeanCondition)

   JacksonHttpMessageConvertersConfiguration.MappingJackson2HttpMessageConverterConfiguration
      - @ConditionalOnClass classes found: com.fasterxml.jackson.databind.ObjectMapper (OnClassCondition)
      - matched (OnPropertyCondition)
      - @ConditionalOnBean (types: com.fasterxml.jackson.databind.ObjectMapper; SearchStrategy: all) found the following [jacksonObjectMapper] (OnBeanCondition)

   JacksonHttpMessageConvertersConfiguration.MappingJackson2HttpMessageConverterConfiguration#mappingJackson2HttpMessageConverter
      - @ConditionalOnMissingBean (types: org.springframework.http.converter.json.MappingJackson2HttpMessageConverter; SearchStrategy: all) found no beans (OnBeanCondition)

   JmxAutoConfiguration
      - @ConditionalOnClass classes found: org.springframework.jmx.export.MBeanExporter (OnClassCondition)
      - matched (OnPropertyCondition)

   JmxAutoConfiguration#mbeanExporter
      - @ConditionalOnMissingBean (types: org.springframework.jmx.export.MBeanExporter; SearchStrategy: current) found no beans (OnBeanCondition)

   JmxAutoConfiguration#mbeanServer
      - @ConditionalOnMissingBean (types: javax.management.MBeanServer; SearchStrategy: all) found no beans (OnBeanCondition)

   JmxAutoConfiguration#objectNamingStrategy
      - @ConditionalOnMissingBean (types: org.springframework.jmx.export.naming.ObjectNamingStrategy; SearchStrategy: current) found no beans (OnBeanCondition)

   MultipartAutoConfiguration
      - @ConditionalOnClass classes found: javax.servlet.Servlet,org.springframework.web.multipart.support.StandardServletMultipartResolver,javax.servlet.MultipartConfigElement (OnClassCondition)
      - matched (OnPropertyCondition)

   MultipartAutoConfiguration#multipartConfigElement
      - @ConditionalOnMissingBean (types: javax.servlet.MultipartConfigElement; SearchStrategy: all) found no beans (OnBeanCondition)

   MultipartAutoConfiguration#multipartResolver
      - @ConditionalOnMissingBean (types: org.springframework.web.multipart.MultipartResolver; SearchStrategy: all) found no beans (OnBeanCondition)

   PropertyPlaceholderAutoConfiguration#propertySourcesPlaceholderConfigurer
      - @ConditionalOnMissingBean (types: org.springframework.context.support.PropertySourcesPlaceholderConfigurer; SearchStrategy: current) found no beans (OnBeanCondition)

   ServerPropertiesAutoConfiguration
      - found web application StandardServletEnvironment (OnWebApplicationCondition)

   ServerPropertiesAutoConfiguration#serverProperties
      - @ConditionalOnMissingBean (types: org.springframework.boot.autoconfigure.web.ServerProperties; SearchStrategy: current) found no beans (OnBeanCondition)

   WebMvcAutoConfiguration
      - @ConditionalOnClass classes found: javax.servlet.Servlet,org.springframework.web.servlet.DispatcherServlet,org.springframework.web.servlet.config.annotation.WebMvcConfigurerAdapter (OnClassCondition)
      - found web application StandardServletEnvironment (OnWebApplicationCondition)
      - @ConditionalOnMissingBean (types: org.springframework.web.servlet.config.annotation.WebMvcConfigurationSupport; SearchStrategy: all) found no beans (OnBeanCondition)

   WebMvcAutoConfiguration#hiddenHttpMethodFilter
      - @ConditionalOnMissingBean (types: org.springframework.web.filter.HiddenHttpMethodFilter; SearchStrategy: all) found no beans (OnBeanCondition)

   WebMvcAutoConfiguration.WebMvcAutoConfigurationAdapter#beanNameViewResolver
      - @ConditionalOnBean (types: org.springframework.web.servlet.View; SearchStrategy: all) found the following [error] (OnBeanCondition)

   WebMvcAutoConfiguration.WebMvcAutoConfigurationAdapter#defaultViewResolver
      - @ConditionalOnMissingBean (types: org.springframework.web.servlet.view.InternalResourceViewResolver; SearchStrategy: all) found no beans (OnBeanCondition)

   WebMvcAutoConfiguration.WebMvcAutoConfigurationAdapter#requestContextListener
      - @ConditionalOnMissingBean (types: org.springframework.web.context.request.RequestContextListener; SearchStrategy: all) found no beans (OnBeanCondition)

   WebMvcAutoConfiguration.WebMvcAutoConfigurationAdapter#viewResolver
      - @ConditionalOnBean (types: org.springframework.web.servlet.ViewResolver; SearchStrategy: all) found the following [defaultViewResolver, beanNameViewResolver, mvcViewResolver] @ConditionalOnMissingBean (names: viewResolver; types: org.springframework.web.servlet.view.ContentNegotiatingViewResolver; SearchStrategy: all) found no beans (OnBeanCondition)

   WebMvcAutoConfiguration.WebMvcAutoConfigurationAdapter.FaviconConfiguration
      - matched (OnPropertyCondition)

   WebSocketAutoConfiguration
      - @ConditionalOnClass classes found: javax.servlet.Servlet,javax.websocket.server.ServerContainer (OnClassCondition)

   WebSocketAutoConfiguration.TomcatWebSocketConfiguration
      - @ConditionalOnClass classes found: org.apache.catalina.startup.Tomcat,org.apache.tomcat.websocket.server.WsSci (OnClassCondition)

   WebSocketAutoConfiguration.TomcatWebSocketConfiguration#websocketContainerCustomizer
      - @ConditionalOnMissingBean (names: websocketContainerCustomizer; SearchStrategy: all) found no beans (OnBeanCondition)


Negative matches:
-----------------

   ActiveMQAutoConfiguration
      - required @ConditionalOnClass classes not found: javax.jms.ConnectionFactory,org.apache.activemq.ActiveMQConnectionFactory (OnClassCondition)

   AopAutoConfiguration
      - required @ConditionalOnClass classes not found: org.aspectj.lang.annotation.Aspect,org.aspectj.lang.reflect.Advice (OnClassCondition)

   BatchAutoConfiguration
      - required @ConditionalOnClass classes not found: org.springframework.batch.core.launch.JobLauncher,org.springframework.jdbc.core.JdbcOperations (OnClassCondition)

   CloudAutoConfiguration
      - required @ConditionalOnClass classes not found: org.springframework.cloud.config.java.CloudScanConfiguration (OnClassCondition)

   DataSourceAutoConfiguration
      - required @ConditionalOnClass classes not found: org.springframework.jdbc.datasource.embedded.EmbeddedDatabaseType (OnClassCondition)

   DataSourceTransactionManagerAutoConfiguration
      - required @ConditionalOnClass classes not found: org.springframework.jdbc.core.JdbcTemplate,org.springframework.transaction.PlatformTransactionManager (OnClassCondition)

   DeviceDelegatingViewResolverAutoConfiguration
      - required @ConditionalOnClass classes not found: org.springframework.mobile.device.view.LiteDeviceDelegatingViewResolver (OnClassCondition)

   DeviceResolverAutoConfiguration
      - required @ConditionalOnClass classes not found: org.springframework.mobile.device.DeviceResolverHandlerInterceptor,org.springframework.mobile.device.DeviceHandlerMethodArgumentResolver (OnClassCondition)

   DispatcherServletAutoConfiguration.DispatcherServletConfiguration#multipartResolver
      - @ConditionalOnBean (types: org.springframework.web.multipart.MultipartResolver; SearchStrategy: all) found no beans (OnBeanCondition)

   ElasticsearchAutoConfiguration
      - required @ConditionalOnClass classes not found: org.elasticsearch.client.Client,org.springframework.data.elasticsearch.client.TransportClientFactoryBean,org.springframework.data.elasticsearch.client.NodeClientFactoryBean (OnClassCondition)

   ElasticsearchDataAutoConfiguration
      - required @ConditionalOnClass classes not found: org.elasticsearch.client.Client,org.springframework.data.elasticsearch.core.ElasticsearchTemplate (OnClassCondition)

   ElasticsearchRepositoriesAutoConfiguration
      - required @ConditionalOnClass classes not found: org.elasticsearch.client.Client,org.springframework.data.elasticsearch.repository.ElasticsearchRepository (OnClassCondition)

   EmbeddedServletContainerAutoConfiguration.EmbeddedJetty
      - required @ConditionalOnClass classes not found: org.eclipse.jetty.server.Server,org.eclipse.jetty.util.Loader (OnClassCondition)

   EmbeddedServletContainerAutoConfiguration.EmbeddedUndertow
      - required @ConditionalOnClass classes not found: io.undertow.Undertow,org.xnio.SslClientAuthMode (OnClassCondition)

   FacebookAutoConfiguration
      - required @ConditionalOnClass classes not found: org.springframework.social.config.annotation.SocialConfigurerAdapter,org.springframework.social.facebook.connect.FacebookConnectionFactory (OnClassCondition)

   FallbackWebSecurityAutoConfiguration
      - required @ConditionalOnClass classes not found: org.springframework.security.config.annotation.web.configuration.EnableWebSecurity (OnClassCondition)

   FlywayAutoConfiguration
      - required @ConditionalOnClass classes not found: org.flywaydb.core.Flyway (OnClassCondition)

   FreeMarkerAutoConfiguration
      - required @ConditionalOnClass classes not found: freemarker.template.Configuration,org.springframework.ui.freemarker.FreeMarkerConfigurationFactory (OnClassCondition)

   GroovyTemplateAutoConfiguration
      - required @ConditionalOnClass classes not found: groovy.text.markup.MarkupTemplateEngine (OnClassCondition)

   GsonAutoConfiguration
      - required @ConditionalOnClass classes not found: com.google.gson.Gson (OnClassCondition)

   GsonHttpMessageConvertersConfiguration.GsonHttpMessageConverterConfiguration
      - required @ConditionalOnClass classes not found: com.google.gson.Gson (OnClassCondition)

   GzipFilterAutoConfiguration
      - required @ConditionalOnClass classes not found: org.eclipse.jetty.servlets.GzipFilter (OnClassCondition)

   HibernateJpaAutoConfiguration
      - required @ConditionalOnClass classes not found: org.springframework.orm.jpa.LocalContainerEntityManagerFactoryBean,org.springframework.transaction.annotation.EnableTransactionManagement,javax.persistence.EntityManager (OnClassCondition)

   HornetQAutoConfiguration
      - required @ConditionalOnClass classes not found: javax.jms.ConnectionFactory,org.hornetq.api.jms.HornetQJMSClient (OnClassCondition)

   HypermediaAutoConfiguration
      - required @ConditionalOnClass classes not found: org.springframework.hateoas.Resource,org.springframework.plugin.core.Plugin (OnClassCondition)

   IntegrationAutoConfiguration
      - required @ConditionalOnClass classes not found: org.springframework.integration.config.EnableIntegration (OnClassCondition)

   JacksonAutoConfiguration.JodaDateTimeJacksonConfiguration
      - required @ConditionalOnClass classes not found: org.joda.time.DateTime,com.fasterxml.jackson.datatype.joda.ser.DateTimeSerializer,com.fasterxml.jackson.datatype.joda.ser.JacksonJodaFormat (OnClassCondition)

   JacksonHttpMessageConvertersConfiguration.MappingJackson2XmlHttpMessageConverterConfiguration
      - required @ConditionalOnClass classes not found: com.fasterxml.jackson.dataformat.xml.XmlMapper (OnClassCondition)

   JerseyAutoConfiguration
      - required @ConditionalOnClass classes not found: org.glassfish.jersey.server.spring.SpringComponentProvider (OnClassCondition)

   JmsAutoConfiguration
      - required @ConditionalOnClass classes not found: org.springframework.jms.core.JmsTemplate (OnClassCondition)

   JndiConnectionFactoryAutoConfiguration
      - required @ConditionalOnClass classes not found: org.springframework.jms.core.JmsTemplate (OnClassCondition)

   JndiDataSourceAutoConfiguration
      - required @ConditionalOnClass classes not found: org.springframework.jdbc.datasource.embedded.EmbeddedDatabaseType (OnClassCondition)

   JpaRepositoriesAutoConfiguration
      - required @ConditionalOnClass classes not found: org.springframework.data.jpa.repository.JpaRepository (OnClassCondition)

   JtaAutoConfiguration
      - required @ConditionalOnClass classes not found: javax.transaction.Transaction (OnClassCondition)

   LinkedInAutoConfiguration
      - required @ConditionalOnClass classes not found: org.springframework.social.config.annotation.SocialConfigurerAdapter,org.springframework.social.linkedin.connect.LinkedInConnectionFactory (OnClassCondition)

   LiquibaseAutoConfiguration
      - required @ConditionalOnClass classes not found: liquibase.integration.spring.SpringLiquibase (OnClassCondition)

   MailSenderAutoConfiguration
      - required @ConditionalOnClass classes not found: javax.mail.internet.MimeMessage (OnClassCondition)

   MessageSourceAutoConfiguration
      - No bundle found for spring.messages.basename: messages (MessageSourceAutoConfiguration.ResourceBundleCondition)

   MongoAutoConfiguration
      - required @ConditionalOnClass classes not found: com.mongodb.Mongo (OnClassCondition)

   MongoDataAutoConfiguration
      - required @ConditionalOnClass classes not found: com.mongodb.Mongo,org.springframework.data.mongodb.core.MongoTemplate (OnClassCondition)

   MongoRepositoriesAutoConfiguration
      - required @ConditionalOnClass classes not found: com.mongodb.Mongo,org.springframework.data.mongodb.repository.MongoRepository (OnClassCondition)

   MustacheAutoConfiguration
      - required @ConditionalOnClass classes not found: com.samskivert.mustache.Mustache (OnClassCondition)

   PersistenceExceptionTranslationAutoConfiguration
      - required @ConditionalOnClass classes not found: org.springframework.dao.annotation.PersistenceExceptionTranslationPostProcessor (OnClassCondition)

   RabbitAutoConfiguration
      - required @ConditionalOnClass classes not found: org.springframework.amqp.rabbit.core.RabbitTemplate,com.rabbitmq.client.Channel (OnClassCondition)

   ReactorAutoConfiguration
      - required @ConditionalOnClass classes not found: reactor.spring.context.config.EnableReactor,reactor.core.Environment (OnClassCondition)

   RedisAutoConfiguration
      - required @ConditionalOnClass classes not found: org.springframework.data.redis.connection.jedis.JedisConnection,org.springframework.data.redis.core.RedisOperations,redis.clients.jedis.Jedis (OnClassCondition)

   RepositoryRestMvcAutoConfiguration
      - required @ConditionalOnClass classes not found: org.springframework.data.rest.webmvc.config.RepositoryRestMvcConfiguration (OnClassCondition)

   SecurityAutoConfiguration
      - required @ConditionalOnClass classes not found: org.springframework.security.authentication.AuthenticationManager,org.springframework.security.config.annotation.authentication.configurers.GlobalAuthenticationConfigurerAdapter (OnClassCondition)

   SitePreferenceAutoConfiguration
      - required @ConditionalOnClass classes not found: org.springframework.mobile.device.site.SitePreferenceHandlerInterceptor,org.springframework.mobile.device.site.SitePreferenceHandlerMethodArgumentResolver (OnClassCondition)

   SocialWebAutoConfiguration
      - required @ConditionalOnClass classes not found: org.springframework.social.connect.web.ConnectController,org.springframework.social.config.annotation.SocialConfigurerAdapter (OnClassCondition)

   SolrAutoConfiguration
      - required @ConditionalOnClass classes not found: org.apache.solr.client.solrj.impl.HttpSolrServer,org.apache.solr.client.solrj.impl.CloudSolrServer (OnClassCondition)

   SolrRepositoriesAutoConfiguration
      - required @ConditionalOnClass classes not found: org.apache.solr.client.solrj.SolrServer,org.springframework.data.solr.repository.SolrRepository (OnClassCondition)

   SpringDataWebAutoConfiguration
      - required @ConditionalOnClass classes not found: org.springframework.data.web.PageableHandlerMethodArgumentResolver (OnClassCondition)

   ThymeleafAutoConfiguration
      - required @ConditionalOnClass classes not found: org.thymeleaf.spring4.SpringTemplateEngine (OnClassCondition)

   TwitterAutoConfiguration
      - required @ConditionalOnClass classes not found: org.springframework.social.config.annotation.SocialConfigurerAdapter,org.springframework.social.twitter.connect.TwitterConnectionFactory (OnClassCondition)

   VelocityAutoConfiguration
      - required @ConditionalOnClass classes not found: org.apache.velocity.app.VelocityEngine,org.springframework.ui.velocity.VelocityEngineFactory (OnClassCondition)

   WebMvcAutoConfiguration.WebMvcAutoConfigurationAdapter#dateFormatter
      - @ConditionalOnProperty missing required properties spring.mvc.date-format  (OnPropertyCondition)

   WebMvcAutoConfiguration.WebMvcAutoConfigurationAdapter#localeResolver
      - @ConditionalOnMissingBean (types: org.springframework.web.servlet.LocaleResolver; SearchStrategy: all) found no beans (OnBeanCondition)
      - @ConditionalOnProperty missing required properties spring.mvc.locale  (OnPropertyCondition)

   WebSocketAutoConfiguration.JettyWebSocketConfiguration
      - required @ConditionalOnClass classes not found: org.eclipse.jetty.websocket.jsr356.server.deploy.WebSocketServerContainerInitializer (OnClassCondition)

   WebSocketAutoConfiguration.UndertowWebSocketConfiguration
      - required @ConditionalOnClass classes not found: io.undertow.websockets.jsr.Bootstrap (OnClassCondition)

   XADataSourceAutoConfiguration
      - required @ConditionalOnClass classes not found: javax.transaction.TransactionManager,org.springframework.jdbc.datasource.embedded.EmbeddedDatabaseType (OnClassCondition)



2015-04-17 17:22:28.208  INFO 8912 --- [main] s.b.c.e.t.TomcatEmbeddedServletContainer : Tomcat started on port(s): 8001 (http)
2015-04-17 17:22:28.208  INFO 8912 --- [main] com.bgpublish.App                        : Started App in 5.311 seconds (JVM running for 5.96)
2015-04-17 17:24:21.371  INFO 6056 --- [main] com.bgpublish.App                        : Starting App v0.0.1-SNAPSHOT on PC-20140910SFWJ with PID 6056 (D:\work\j2ee\luna_workspace\bgpublish\target\bgpublish-0.0.1-SNAPSHOT.jar started by Administrator in D:\work\j2ee\luna_workspace\bgpublish)
2015-04-17 17:24:21.387 DEBUG 6056 --- [main] o.s.boot.SpringApplication               : Loading source class com.bgpublish.App
2015-04-17 17:24:21.449 DEBUG 6056 --- [main] o.s.b.c.c.ConfigFileApplicationListener  : Skipped config file 'file:./config/application.xml' resource not found
2015-04-17 17:24:21.449 DEBUG 6056 --- [main] o.s.b.c.c.ConfigFileApplicationListener  : Skipped config file 'file:./config/application.yml' resource not found
2015-04-17 17:24:21.449 DEBUG 6056 --- [main] o.s.b.c.c.ConfigFileApplicationListener  : Skipped config file 'file:./config/application.properties' resource not found
2015-04-17 17:24:21.449 DEBUG 6056 --- [main] o.s.b.c.c.ConfigFileApplicationListener  : Skipped config file 'file:./config/application.yaml' resource not found
2015-04-17 17:24:21.449 DEBUG 6056 --- [main] o.s.b.c.c.ConfigFileApplicationListener  : Skipped config file 'file:./application.xml' resource not found
2015-04-17 17:24:21.449 DEBUG 6056 --- [main] o.s.b.c.c.ConfigFileApplicationListener  : Skipped config file 'file:./application.yml' resource not found
2015-04-17 17:24:21.449 DEBUG 6056 --- [main] o.s.b.c.c.ConfigFileApplicationListener  : Skipped config file 'file:./application.properties' resource not found
2015-04-17 17:24:21.449 DEBUG 6056 --- [main] o.s.b.c.c.ConfigFileApplicationListener  : Skipped config file 'file:./application.yaml' resource not found
2015-04-17 17:24:21.449 DEBUG 6056 --- [main] o.s.b.c.c.ConfigFileApplicationListener  : Skipped config file 'classpath:/config/application.xml' resource not found
2015-04-17 17:24:21.449 DEBUG 6056 --- [main] o.s.b.c.c.ConfigFileApplicationListener  : Skipped config file 'classpath:/config/application.yml' resource not found
2015-04-17 17:24:21.449 DEBUG 6056 --- [main] o.s.b.c.c.ConfigFileApplicationListener  : Skipped config file 'classpath:/config/application.properties' resource not found
2015-04-17 17:24:21.449 DEBUG 6056 --- [main] o.s.b.c.c.ConfigFileApplicationListener  : Skipped config file 'classpath:/config/application.yaml' resource not found
2015-04-17 17:24:21.449 DEBUG 6056 --- [main] o.s.b.c.c.ConfigFileApplicationListener  : Skipped config file 'classpath:/application.xml' resource not found
2015-04-17 17:24:21.449 DEBUG 6056 --- [main] o.s.b.c.c.ConfigFileApplicationListener  : Skipped config file 'classpath:/application.yml' resource not found
2015-04-17 17:24:21.449 DEBUG 6056 --- [main] o.s.b.c.c.ConfigFileApplicationListener  : Loaded config file 'classpath:/application.properties' 
2015-04-17 17:24:21.449 DEBUG 6056 --- [main] o.s.b.c.c.ConfigFileApplicationListener  : Skipped config file 'classpath:/application.yaml' resource not found
2015-04-17 17:24:21.465  INFO 6056 --- [main] ationConfigEmbeddedWebApplicationContext : Refreshing org.springframework.boot.context.embedded.AnnotationConfigEmbeddedWebApplicationContext@7086d17b: startup date [Fri Apr 17 17:24:21 CST 2015]; root of context hierarchy
2015-04-17 17:24:21.465 DEBUG 6056 --- [main] ationConfigEmbeddedWebApplicationContext : Bean factory for org.springframework.boot.context.embedded.AnnotationConfigEmbeddedWebApplicationContext@7086d17b: org.springframework.beans.factory.support.DefaultListableBeanFactory@46eb224e: defining beans [org.springframework.context.annotation.internalConfigurationAnnotationProcessor,org.springframework.context.annotation.internalAutowiredAnnotationProcessor,org.springframework.context.annotation.internalRequiredAnnotationProcessor,org.springframework.context.annotation.internalCommonAnnotationProcessor,app]; root of factory hierarchy
2015-04-17 17:24:22.235  INFO 6056 --- [main] o.s.b.f.s.DefaultListableBeanFactory     : Overriding bean definition for bean 'beanNameViewResolver': replacing [Root bean: class [null]; scope=; abstract=false; lazyInit=false; autowireMode=3; dependencyCheck=0; autowireCandidate=true; primary=false; factoryBeanName=org.springframework.boot.autoconfigure.web.ErrorMvcAutoConfiguration$WhitelabelErrorViewConfiguration; factoryMethodName=beanNameViewResolver; initMethodName=null; destroyMethodName=(inferred); defined in class path resource [org/springframework/boot/autoconfigure/web/ErrorMvcAutoConfiguration$WhitelabelErrorViewConfiguration.class]] with [Root bean: class [null]; scope=; abstract=false; lazyInit=false; autowireMode=3; dependencyCheck=0; autowireCandidate=true; primary=false; factoryBeanName=org.springframework.boot.autoconfigure.web.WebMvcAutoConfiguration$WebMvcAutoConfigurationAdapter; factoryMethodName=beanNameViewResolver; initMethodName=null; destroyMethodName=(inferred); defined in class path resource [org/springframework/boot/autoconfigure/web/WebMvcAutoConfiguration$WebMvcAutoConfigurationAdapter.class]]
2015-04-17 17:24:22.705 DEBUG 6056 --- [main] ationConfigEmbeddedWebApplicationContext : Unable to locate MessageSource with name 'messageSource': using default [org.springframework.context.support.DelegatingMessageSource@3118c803]
2015-04-17 17:24:22.705 DEBUG 6056 --- [main] ationConfigEmbeddedWebApplicationContext : Using ApplicationEventMulticaster [org.springframework.context.event.SimpleApplicationEventMulticaster@5f27c09]
2015-04-17 17:24:23.500 DEBUG 6056 --- [main] .t.TomcatEmbeddedServletContainerFactory : Code archive: D:\work\j2ee\luna_workspace\bgpublish\target\bgpublish-0.0.1-SNAPSHOT.jar
2015-04-17 17:24:23.500 DEBUG 6056 --- [main] .t.TomcatEmbeddedServletContainerFactory : Code archive: D:\work\j2ee\luna_workspace\bgpublish\target\bgpublish-0.0.1-SNAPSHOT.jar
2015-04-17 17:24:23.501 DEBUG 6056 --- [main] .t.TomcatEmbeddedServletContainerFactory : Document root: D:\work\j2ee\luna_workspace\bgpublish\src\main\webapp
2015-04-17 17:24:23.606  INFO 6056 --- [main] s.b.c.e.t.TomcatEmbeddedServletContainer : Tomcat initialized with port(s): 8001 (http)
2015-04-17 17:24:23.966  INFO 6056 --- [main] o.apache.catalina.core.StandardService   : Starting service Tomcat
2015-04-17 17:24:23.968  INFO 6056 --- [main] org.apache.catalina.core.StandardEngine  : Starting Servlet Engine: Apache Tomcat/8.0.21
2015-04-17 17:24:24.170  INFO 6056 --- [localhost-startStop-1] o.a.c.c.C.[Tomcat].[localhost].[/]       : Initializing Spring embedded WebApplicationContext
2015-04-17 17:24:24.171  INFO 6056 --- [localhost-startStop-1] o.s.web.context.ContextLoader            : Root WebApplicationContext: initialization completed in 2722 ms
2015-04-17 17:24:24.401 DEBUG 6056 --- [localhost-startStop-1] o.s.b.c.e.ServletContextInitializerBeans : Added existing Servlet initializer bean 'dispatcherServletRegistration'; order=2147483647, resource=class path resource [org/springframework/boot/autoconfigure/web/DispatcherServletAutoConfiguration$DispatcherServletConfiguration.class]
2015-04-17 17:24:24.539 DEBUG 6056 --- [localhost-startStop-1] o.s.b.c.e.ServletContextInitializerBeans : Created Filter initializer for bean 'characterEncodingFilter'; order=-2147483648, resource=class path resource [org/springframework/boot/autoconfigure/web/HttpEncodingAutoConfiguration.class]
2015-04-17 17:24:24.541 DEBUG 6056 --- [localhost-startStop-1] o.s.b.c.e.ServletContextInitializerBeans : Created Filter initializer for bean 'hiddenHttpMethodFilter'; order=2147483647, resource=class path resource [org/springframework/boot/autoconfigure/web/WebMvcAutoConfiguration.class]
2015-04-17 17:24:25.667 DEBUG 6056 --- [localhost-startStop-1] o.s.b.c.e.ServletContextInitializerBeans : Created EventListener initializer for bean 'requestContextListener'; order=2147483647, resource=class path resource [org/springframework/boot/autoconfigure/web/WebMvcAutoConfiguration$WebMvcAutoConfigurationAdapter.class]
2015-04-17 17:24:25.676  INFO 6056 --- [localhost-startStop-1] o.s.b.c.e.ServletRegistrationBean        : Mapping servlet: 'dispatcherServlet' to [/]
2015-04-17 17:24:25.691  INFO 6056 --- [localhost-startStop-1] o.s.b.c.embedded.FilterRegistrationBean  : Mapping filter: 'characterEncodingFilter' to: [/*]
2015-04-17 17:24:25.692  INFO 6056 --- [localhost-startStop-1] o.s.b.c.embedded.FilterRegistrationBean  : Mapping filter: 'hiddenHttpMethodFilter' to: [/*]
2015-04-17 17:24:25.752 DEBUG 6056 --- [localhost-startStop-1] o.s.b.c.w.OrderedCharacterEncodingFilter : Initializing filter 'characterEncodingFilter'
2015-04-17 17:24:25.752 DEBUG 6056 --- [localhost-startStop-1] o.s.b.c.w.OrderedCharacterEncodingFilter : Filter 'characterEncodingFilter' configured successfully
2015-04-17 17:24:26.189  INFO 6056 --- [main] s.w.s.m.m.a.RequestMappingHandlerAdapter : Looking for @ControllerAdvice: org.springframework.boot.context.embedded.AnnotationConfigEmbeddedWebApplicationContext@7086d17b: startup date [Fri Apr 17 17:24:21 CST 2015]; root of context hierarchy
2015-04-17 17:24:26.300  INFO 6056 --- [main] s.w.s.m.m.a.RequestMappingHandlerMapping : Mapped "{[/],methods=[],params=[],headers=[],consumes=[],produces=[],custom=[]}" onto java.lang.String com.bgpublish.example.Example.home()
2015-04-17 17:24:26.303  INFO 6056 --- [main] s.w.s.m.m.a.RequestMappingHandlerMapping : Mapped "{[/error],methods=[],params=[],headers=[],consumes=[],produces=[],custom=[]}" onto public org.springframework.http.ResponseEntity<java.util.Map<java.lang.String, java.lang.Object>> org.springframework.boot.autoconfigure.web.BasicErrorController.error(javax.servlet.http.HttpServletRequest)
2015-04-17 17:24:26.303  INFO 6056 --- [main] s.w.s.m.m.a.RequestMappingHandlerMapping : Mapped "{[/error],methods=[],params=[],headers=[],consumes=[],produces=[text/html],custom=[]}" onto public org.springframework.web.servlet.ModelAndView org.springframework.boot.autoconfigure.web.BasicErrorController.errorHtml(javax.servlet.http.HttpServletRequest)
2015-04-17 17:24:26.359  INFO 6056 --- [main] o.s.w.s.handler.SimpleUrlHandlerMapping  : Mapped URL path [/webjars/**] onto handler of type [class org.springframework.web.servlet.resource.ResourceHttpRequestHandler]
2015-04-17 17:24:26.359  INFO 6056 --- [main] o.s.w.s.handler.SimpleUrlHandlerMapping  : Mapped URL path [/**] onto handler of type [class org.springframework.web.servlet.resource.ResourceHttpRequestHandler]
2015-04-17 17:24:26.457  INFO 6056 --- [main] o.s.w.s.handler.SimpleUrlHandlerMapping  : Mapped URL path [/**/favicon.ico] onto handler of type [class org.springframework.web.servlet.resource.ResourceHttpRequestHandler]
2015-04-17 17:24:26.585  INFO 6056 --- [main] o.s.j.e.a.AnnotationMBeanExporter        : Registering beans for JMX exposure on startup
2015-04-17 17:24:26.591 DEBUG 6056 --- [main] ationConfigEmbeddedWebApplicationContext : Unable to locate LifecycleProcessor with name 'lifecycleProcessor': using default [org.springframework.context.support.DefaultLifecycleProcessor@3c6d9199]
2015-04-17 17:24:26.597 DEBUG 6056 --- [main] utoConfigurationReportLoggingInitializer : 


=========================
AUTO-CONFIGURATION REPORT
=========================


Positive matches:
-----------------

   DispatcherServletAutoConfiguration
      - @ConditionalOnClass classes found: org.springframework.web.servlet.DispatcherServlet (OnClassCondition)
      - found web application StandardServletEnvironment (OnWebApplicationCondition)

   DispatcherServletAutoConfiguration.DispatcherServletConfiguration
      - @ConditionalOnClass classes found: javax.servlet.ServletRegistration (OnClassCondition)
      - no ServletRegistrationBean found (DispatcherServletAutoConfiguration.DefaultDispatcherServletCondition)

   EmbeddedServletContainerAutoConfiguration
      - found web application StandardServletEnvironment (OnWebApplicationCondition)

   EmbeddedServletContainerAutoConfiguration.EmbeddedTomcat
      - @ConditionalOnClass classes found: javax.servlet.Servlet,org.apache.catalina.startup.Tomcat (OnClassCondition)
      - @ConditionalOnMissingBean (types: org.springframework.boot.context.embedded.EmbeddedServletContainerFactory; SearchStrategy: current) found no beans (OnBeanCondition)

   ErrorMvcAutoConfiguration
      - @ConditionalOnClass classes found: javax.servlet.Servlet,org.springframework.web.servlet.DispatcherServlet (OnClassCondition)
      - found web application StandardServletEnvironment (OnWebApplicationCondition)

   ErrorMvcAutoConfiguration#basicErrorController
      - @ConditionalOnMissingBean (types: org.springframework.boot.autoconfigure.web.ErrorController; SearchStrategy: current) found no beans (OnBeanCondition)

   ErrorMvcAutoConfiguration#errorAttributes
      - @ConditionalOnMissingBean (types: org.springframework.boot.autoconfigure.web.ErrorAttributes; SearchStrategy: current) found no beans (OnBeanCondition)

   ErrorMvcAutoConfiguration.WhitelabelErrorViewConfiguration
      - No error template view detected (ErrorMvcAutoConfiguration.ErrorTemplateMissingCondition)
      - matched (OnPropertyCondition)

   ErrorMvcAutoConfiguration.WhitelabelErrorViewConfiguration#beanNameViewResolver
      - @ConditionalOnMissingBean (types: org.springframework.web.servlet.view.BeanNameViewResolver; SearchStrategy: all) found no beans (OnBeanCondition)

   ErrorMvcAutoConfiguration.WhitelabelErrorViewConfiguration#defaultErrorView
      - @ConditionalOnMissingBean (names: error; SearchStrategy: all) found no beans (OnBeanCondition)

   HttpEncodingAutoConfiguration
      - @ConditionalOnClass classes found: org.springframework.web.filter.CharacterEncodingFilter (OnClassCondition)
      - matched (OnPropertyCondition)

   HttpEncodingAutoConfiguration#characterEncodingFilter
      - @ConditionalOnMissingBean (types: org.springframework.web.filter.CharacterEncodingFilter; SearchStrategy: all) found no beans (OnBeanCondition)

   HttpMessageConvertersAutoConfiguration
      - @ConditionalOnClass classes found: org.springframework.http.converter.HttpMessageConverter (OnClassCondition)

   HttpMessageConvertersAutoConfiguration#messageConverters
      - @ConditionalOnMissingBean (types: org.springframework.boot.autoconfigure.web.HttpMessageConverters; SearchStrategy: all) found no beans (OnBeanCondition)

   HttpMessageConvertersAutoConfiguration.StringHttpMessageConverterConfiguration
      - @ConditionalOnClass classes found: org.springframework.http.converter.StringHttpMessageConverter (OnClassCondition)

   HttpMessageConvertersAutoConfiguration.StringHttpMessageConverterConfiguration#stringHttpMessageConverter
      - @ConditionalOnMissingBean (types: org.springframework.http.converter.StringHttpMessageConverter; SearchStrategy: all) found no beans (OnBeanCondition)

   JacksonAutoConfiguration
      - @ConditionalOnClass classes found: com.fasterxml.jackson.databind.ObjectMapper (OnClassCondition)

   JacksonAutoConfiguration.JacksonObjectMapperBuilderConfiguration
      - @ConditionalOnClass classes found: com.fasterxml.jackson.databind.ObjectMapper,org.springframework.http.converter.json.Jackson2ObjectMapperBuilder (OnClassCondition)

   JacksonAutoConfiguration.JacksonObjectMapperBuilderConfiguration#jacksonObjectMapperBuilder
      - @ConditionalOnMissingBean (types: org.springframework.http.converter.json.Jackson2ObjectMapperBuilder; SearchStrategy: all) found no beans (OnBeanCondition)

   JacksonAutoConfiguration.JacksonObjectMapperConfiguration
      - @ConditionalOnClass classes found: com.fasterxml.jackson.databind.ObjectMapper,org.springframework.http.converter.json.Jackson2ObjectMapperBuilder (OnClassCondition)

   JacksonAutoConfiguration.JacksonObjectMapperConfiguration#jacksonObjectMapper
      - @ConditionalOnMissingBean (types: com.fasterxml.jackson.databind.ObjectMapper; SearchStrategy: all) found no beans (OnBeanCondition)

   JacksonHttpMessageConvertersConfiguration.MappingJackson2HttpMessageConverterConfiguration
      - @ConditionalOnClass classes found: com.fasterxml.jackson.databind.ObjectMapper (OnClassCondition)
      - matched (OnPropertyCondition)
      - @ConditionalOnBean (types: com.fasterxml.jackson.databind.ObjectMapper; SearchStrategy: all) found the following [jacksonObjectMapper] (OnBeanCondition)

   JacksonHttpMessageConvertersConfiguration.MappingJackson2HttpMessageConverterConfiguration#mappingJackson2HttpMessageConverter
      - @ConditionalOnMissingBean (types: org.springframework.http.converter.json.MappingJackson2HttpMessageConverter; SearchStrategy: all) found no beans (OnBeanCondition)

   JmxAutoConfiguration
      - @ConditionalOnClass classes found: org.springframework.jmx.export.MBeanExporter (OnClassCondition)
      - matched (OnPropertyCondition)

   JmxAutoConfiguration#mbeanExporter
      - @ConditionalOnMissingBean (types: org.springframework.jmx.export.MBeanExporter; SearchStrategy: current) found no beans (OnBeanCondition)

   JmxAutoConfiguration#mbeanServer
      - @ConditionalOnMissingBean (types: javax.management.MBeanServer; SearchStrategy: all) found no beans (OnBeanCondition)

   JmxAutoConfiguration#objectNamingStrategy
      - @ConditionalOnMissingBean (types: org.springframework.jmx.export.naming.ObjectNamingStrategy; SearchStrategy: current) found no beans (OnBeanCondition)

   MultipartAutoConfiguration
      - @ConditionalOnClass classes found: javax.servlet.Servlet,org.springframework.web.multipart.support.StandardServletMultipartResolver,javax.servlet.MultipartConfigElement (OnClassCondition)
      - matched (OnPropertyCondition)

   MultipartAutoConfiguration#multipartConfigElement
      - @ConditionalOnMissingBean (types: javax.servlet.MultipartConfigElement; SearchStrategy: all) found no beans (OnBeanCondition)

   MultipartAutoConfiguration#multipartResolver
      - @ConditionalOnMissingBean (types: org.springframework.web.multipart.MultipartResolver; SearchStrategy: all) found no beans (OnBeanCondition)

   PropertyPlaceholderAutoConfiguration#propertySourcesPlaceholderConfigurer
      - @ConditionalOnMissingBean (types: org.springframework.context.support.PropertySourcesPlaceholderConfigurer; SearchStrategy: current) found no beans (OnBeanCondition)

   ServerPropertiesAutoConfiguration
      - found web application StandardServletEnvironment (OnWebApplicationCondition)

   ServerPropertiesAutoConfiguration#serverProperties
      - @ConditionalOnMissingBean (types: org.springframework.boot.autoconfigure.web.ServerProperties; SearchStrategy: current) found no beans (OnBeanCondition)

   WebMvcAutoConfiguration
      - @ConditionalOnClass classes found: javax.servlet.Servlet,org.springframework.web.servlet.DispatcherServlet,org.springframework.web.servlet.config.annotation.WebMvcConfigurerAdapter (OnClassCondition)
      - found web application StandardServletEnvironment (OnWebApplicationCondition)
      - @ConditionalOnMissingBean (types: org.springframework.web.servlet.config.annotation.WebMvcConfigurationSupport; SearchStrategy: all) found no beans (OnBeanCondition)

   WebMvcAutoConfiguration#hiddenHttpMethodFilter
      - @ConditionalOnMissingBean (types: org.springframework.web.filter.HiddenHttpMethodFilter; SearchStrategy: all) found no beans (OnBeanCondition)

   WebMvcAutoConfiguration.WebMvcAutoConfigurationAdapter#beanNameViewResolver
      - @ConditionalOnBean (types: org.springframework.web.servlet.View; SearchStrategy: all) found the following [error] (OnBeanCondition)

   WebMvcAutoConfiguration.WebMvcAutoConfigurationAdapter#defaultViewResolver
      - @ConditionalOnMissingBean (types: org.springframework.web.servlet.view.InternalResourceViewResolver; SearchStrategy: all) found no beans (OnBeanCondition)

   WebMvcAutoConfiguration.WebMvcAutoConfigurationAdapter#requestContextListener
      - @ConditionalOnMissingBean (types: org.springframework.web.context.request.RequestContextListener; SearchStrategy: all) found no beans (OnBeanCondition)

   WebMvcAutoConfiguration.WebMvcAutoConfigurationAdapter#viewResolver
      - @ConditionalOnBean (types: org.springframework.web.servlet.ViewResolver; SearchStrategy: all) found the following [defaultViewResolver, beanNameViewResolver, mvcViewResolver] @ConditionalOnMissingBean (names: viewResolver; types: org.springframework.web.servlet.view.ContentNegotiatingViewResolver; SearchStrategy: all) found no beans (OnBeanCondition)

   WebMvcAutoConfiguration.WebMvcAutoConfigurationAdapter.FaviconConfiguration
      - matched (OnPropertyCondition)

   WebSocketAutoConfiguration
      - @ConditionalOnClass classes found: javax.servlet.Servlet,javax.websocket.server.ServerContainer (OnClassCondition)

   WebSocketAutoConfiguration.TomcatWebSocketConfiguration
      - @ConditionalOnClass classes found: org.apache.catalina.startup.Tomcat,org.apache.tomcat.websocket.server.WsSci (OnClassCondition)

   WebSocketAutoConfiguration.TomcatWebSocketConfiguration#websocketContainerCustomizer
      - @ConditionalOnMissingBean (names: websocketContainerCustomizer; SearchStrategy: all) found no beans (OnBeanCondition)


Negative matches:
-----------------

   ActiveMQAutoConfiguration
      - required @ConditionalOnClass classes not found: javax.jms.ConnectionFactory,org.apache.activemq.ActiveMQConnectionFactory (OnClassCondition)

   AopAutoConfiguration
      - required @ConditionalOnClass classes not found: org.aspectj.lang.annotation.Aspect,org.aspectj.lang.reflect.Advice (OnClassCondition)

   BatchAutoConfiguration
      - required @ConditionalOnClass classes not found: org.springframework.batch.core.launch.JobLauncher,org.springframework.jdbc.core.JdbcOperations (OnClassCondition)

   CloudAutoConfiguration
      - required @ConditionalOnClass classes not found: org.springframework.cloud.config.java.CloudScanConfiguration (OnClassCondition)

   DataSourceAutoConfiguration
      - required @ConditionalOnClass classes not found: org.springframework.jdbc.datasource.embedded.EmbeddedDatabaseType (OnClassCondition)

   DataSourceTransactionManagerAutoConfiguration
      - required @ConditionalOnClass classes not found: org.springframework.jdbc.core.JdbcTemplate,org.springframework.transaction.PlatformTransactionManager (OnClassCondition)

   DeviceDelegatingViewResolverAutoConfiguration
      - required @ConditionalOnClass classes not found: org.springframework.mobile.device.view.LiteDeviceDelegatingViewResolver (OnClassCondition)

   DeviceResolverAutoConfiguration
      - required @ConditionalOnClass classes not found: org.springframework.mobile.device.DeviceResolverHandlerInterceptor,org.springframework.mobile.device.DeviceHandlerMethodArgumentResolver (OnClassCondition)

   DispatcherServletAutoConfiguration.DispatcherServletConfiguration#multipartResolver
      - @ConditionalOnBean (types: org.springframework.web.multipart.MultipartResolver; SearchStrategy: all) found no beans (OnBeanCondition)

   ElasticsearchAutoConfiguration
      - required @ConditionalOnClass classes not found: org.elasticsearch.client.Client,org.springframework.data.elasticsearch.client.TransportClientFactoryBean,org.springframework.data.elasticsearch.client.NodeClientFactoryBean (OnClassCondition)

   ElasticsearchDataAutoConfiguration
      - required @ConditionalOnClass classes not found: org.elasticsearch.client.Client,org.springframework.data.elasticsearch.core.ElasticsearchTemplate (OnClassCondition)

   ElasticsearchRepositoriesAutoConfiguration
      - required @ConditionalOnClass classes not found: org.elasticsearch.client.Client,org.springframework.data.elasticsearch.repository.ElasticsearchRepository (OnClassCondition)

   EmbeddedServletContainerAutoConfiguration.EmbeddedJetty
      - required @ConditionalOnClass classes not found: org.eclipse.jetty.server.Server,org.eclipse.jetty.util.Loader (OnClassCondition)

   EmbeddedServletContainerAutoConfiguration.EmbeddedUndertow
      - required @ConditionalOnClass classes not found: io.undertow.Undertow,org.xnio.SslClientAuthMode (OnClassCondition)

   FacebookAutoConfiguration
      - required @ConditionalOnClass classes not found: org.springframework.social.config.annotation.SocialConfigurerAdapter,org.springframework.social.facebook.connect.FacebookConnectionFactory (OnClassCondition)

   FallbackWebSecurityAutoConfiguration
      - required @ConditionalOnClass classes not found: org.springframework.security.config.annotation.web.configuration.EnableWebSecurity (OnClassCondition)

   FlywayAutoConfiguration
      - required @ConditionalOnClass classes not found: org.flywaydb.core.Flyway (OnClassCondition)

   FreeMarkerAutoConfiguration
      - required @ConditionalOnClass classes not found: freemarker.template.Configuration,org.springframework.ui.freemarker.FreeMarkerConfigurationFactory (OnClassCondition)

   GroovyTemplateAutoConfiguration
      - required @ConditionalOnClass classes not found: groovy.text.markup.MarkupTemplateEngine (OnClassCondition)

   GsonAutoConfiguration
      - required @ConditionalOnClass classes not found: com.google.gson.Gson (OnClassCondition)

   GsonHttpMessageConvertersConfiguration.GsonHttpMessageConverterConfiguration
      - required @ConditionalOnClass classes not found: com.google.gson.Gson (OnClassCondition)

   GzipFilterAutoConfiguration
      - required @ConditionalOnClass classes not found: org.eclipse.jetty.servlets.GzipFilter (OnClassCondition)

   HibernateJpaAutoConfiguration
      - required @ConditionalOnClass classes not found: org.springframework.orm.jpa.LocalContainerEntityManagerFactoryBean,org.springframework.transaction.annotation.EnableTransactionManagement,javax.persistence.EntityManager (OnClassCondition)

   HornetQAutoConfiguration
      - required @ConditionalOnClass classes not found: javax.jms.ConnectionFactory,org.hornetq.api.jms.HornetQJMSClient (OnClassCondition)

   HypermediaAutoConfiguration
      - required @ConditionalOnClass classes not found: org.springframework.hateoas.Resource,org.springframework.plugin.core.Plugin (OnClassCondition)

   IntegrationAutoConfiguration
      - required @ConditionalOnClass classes not found: org.springframework.integration.config.EnableIntegration (OnClassCondition)

   JacksonAutoConfiguration.JodaDateTimeJacksonConfiguration
      - required @ConditionalOnClass classes not found: org.joda.time.DateTime,com.fasterxml.jackson.datatype.joda.ser.DateTimeSerializer,com.fasterxml.jackson.datatype.joda.ser.JacksonJodaFormat (OnClassCondition)

   JacksonHttpMessageConvertersConfiguration.MappingJackson2XmlHttpMessageConverterConfiguration
      - required @ConditionalOnClass classes not found: com.fasterxml.jackson.dataformat.xml.XmlMapper (OnClassCondition)

   JerseyAutoConfiguration
      - required @ConditionalOnClass classes not found: org.glassfish.jersey.server.spring.SpringComponentProvider (OnClassCondition)

   JmsAutoConfiguration
      - required @ConditionalOnClass classes not found: org.springframework.jms.core.JmsTemplate (OnClassCondition)

   JndiConnectionFactoryAutoConfiguration
      - required @ConditionalOnClass classes not found: org.springframework.jms.core.JmsTemplate (OnClassCondition)

   JndiDataSourceAutoConfiguration
      - required @ConditionalOnClass classes not found: org.springframework.jdbc.datasource.embedded.EmbeddedDatabaseType (OnClassCondition)

   JpaRepositoriesAutoConfiguration
      - required @ConditionalOnClass classes not found: org.springframework.data.jpa.repository.JpaRepository (OnClassCondition)

   JtaAutoConfiguration
      - required @ConditionalOnClass classes not found: javax.transaction.Transaction (OnClassCondition)

   LinkedInAutoConfiguration
      - required @ConditionalOnClass classes not found: org.springframework.social.config.annotation.SocialConfigurerAdapter,org.springframework.social.linkedin.connect.LinkedInConnectionFactory (OnClassCondition)

   LiquibaseAutoConfiguration
      - required @ConditionalOnClass classes not found: liquibase.integration.spring.SpringLiquibase (OnClassCondition)

   MailSenderAutoConfiguration
      - required @ConditionalOnClass classes not found: javax.mail.internet.MimeMessage (OnClassCondition)

   MessageSourceAutoConfiguration
      - No bundle found for spring.messages.basename: messages (MessageSourceAutoConfiguration.ResourceBundleCondition)

   MongoAutoConfiguration
      - required @ConditionalOnClass classes not found: com.mongodb.Mongo (OnClassCondition)

   MongoDataAutoConfiguration
      - required @ConditionalOnClass classes not found: com.mongodb.Mongo,org.springframework.data.mongodb.core.MongoTemplate (OnClassCondition)

   MongoRepositoriesAutoConfiguration
      - required @ConditionalOnClass classes not found: com.mongodb.Mongo,org.springframework.data.mongodb.repository.MongoRepository (OnClassCondition)

   MustacheAutoConfiguration
      - required @ConditionalOnClass classes not found: com.samskivert.mustache.Mustache (OnClassCondition)

   PersistenceExceptionTranslationAutoConfiguration
      - required @ConditionalOnClass classes not found: org.springframework.dao.annotation.PersistenceExceptionTranslationPostProcessor (OnClassCondition)

   RabbitAutoConfiguration
      - required @ConditionalOnClass classes not found: org.springframework.amqp.rabbit.core.RabbitTemplate,com.rabbitmq.client.Channel (OnClassCondition)

   ReactorAutoConfiguration
      - required @ConditionalOnClass classes not found: reactor.spring.context.config.EnableReactor,reactor.core.Environment (OnClassCondition)

   RedisAutoConfiguration
      - required @ConditionalOnClass classes not found: org.springframework.data.redis.connection.jedis.JedisConnection,org.springframework.data.redis.core.RedisOperations,redis.clients.jedis.Jedis (OnClassCondition)

   RepositoryRestMvcAutoConfiguration
      - required @ConditionalOnClass classes not found: org.springframework.data.rest.webmvc.config.RepositoryRestMvcConfiguration (OnClassCondition)

   SecurityAutoConfiguration
      - required @ConditionalOnClass classes not found: org.springframework.security.authentication.AuthenticationManager,org.springframework.security.config.annotation.authentication.configurers.GlobalAuthenticationConfigurerAdapter (OnClassCondition)

   SitePreferenceAutoConfiguration
      - required @ConditionalOnClass classes not found: org.springframework.mobile.device.site.SitePreferenceHandlerInterceptor,org.springframework.mobile.device.site.SitePreferenceHandlerMethodArgumentResolver (OnClassCondition)

   SocialWebAutoConfiguration
      - required @ConditionalOnClass classes not found: org.springframework.social.connect.web.ConnectController,org.springframework.social.config.annotation.SocialConfigurerAdapter (OnClassCondition)

   SolrAutoConfiguration
      - required @ConditionalOnClass classes not found: org.apache.solr.client.solrj.impl.HttpSolrServer,org.apache.solr.client.solrj.impl.CloudSolrServer (OnClassCondition)

   SolrRepositoriesAutoConfiguration
      - required @ConditionalOnClass classes not found: org.apache.solr.client.solrj.SolrServer,org.springframework.data.solr.repository.SolrRepository (OnClassCondition)

   SpringDataWebAutoConfiguration
      - required @ConditionalOnClass classes not found: org.springframework.data.web.PageableHandlerMethodArgumentResolver (OnClassCondition)

   ThymeleafAutoConfiguration
      - required @ConditionalOnClass classes not found: org.thymeleaf.spring4.SpringTemplateEngine (OnClassCondition)

   TwitterAutoConfiguration
      - required @ConditionalOnClass classes not found: org.springframework.social.config.annotation.SocialConfigurerAdapter,org.springframework.social.twitter.connect.TwitterConnectionFactory (OnClassCondition)

   VelocityAutoConfiguration
      - required @ConditionalOnClass classes not found: org.apache.velocity.app.VelocityEngine,org.springframework.ui.velocity.VelocityEngineFactory (OnClassCondition)

   WebMvcAutoConfiguration.WebMvcAutoConfigurationAdapter#dateFormatter
      - @ConditionalOnProperty missing required properties spring.mvc.date-format  (OnPropertyCondition)

   WebMvcAutoConfiguration.WebMvcAutoConfigurationAdapter#localeResolver
      - @ConditionalOnMissingBean (types: org.springframework.web.servlet.LocaleResolver; SearchStrategy: all) found no beans (OnBeanCondition)
      - @ConditionalOnProperty missing required properties spring.mvc.locale  (OnPropertyCondition)

   WebSocketAutoConfiguration.JettyWebSocketConfiguration
      - required @ConditionalOnClass classes not found: org.eclipse.jetty.websocket.jsr356.server.deploy.WebSocketServerContainerInitializer (OnClassCondition)

   WebSocketAutoConfiguration.UndertowWebSocketConfiguration
      - required @ConditionalOnClass classes not found: io.undertow.websockets.jsr.Bootstrap (OnClassCondition)

   XADataSourceAutoConfiguration
      - required @ConditionalOnClass classes not found: javax.transaction.TransactionManager,org.springframework.jdbc.datasource.embedded.EmbeddedDatabaseType (OnClassCondition)



2015-04-17 17:24:26.716  INFO 6056 --- [main] s.b.c.e.t.TomcatEmbeddedServletContainer : Tomcat started on port(s): 8001 (http)
2015-04-17 17:24:26.719  INFO 6056 --- [main] com.bgpublish.App                        : Started App in 5.817 seconds (JVM running for 6.389)
2015-04-17 17:24:44.977  INFO 6056 --- [http-nio-8001-exec-1] o.a.c.c.C.[Tomcat].[localhost].[/]       : Initializing Spring FrameworkServlet 'dispatcherServlet'
2015-04-17 17:24:44.978  INFO 6056 --- [http-nio-8001-exec-1] o.s.web.servlet.DispatcherServlet        : FrameworkServlet 'dispatcherServlet': initialization started
2015-04-17 17:24:45.019  INFO 6056 --- [http-nio-8001-exec-1] o.s.web.servlet.DispatcherServlet        : FrameworkServlet 'dispatcherServlet': initialization completed in 41 ms
